<?xml version="1.0" encoding="UTF-8"?>
<testng-results skipped="0" failed="1" ignored="0" total="9" passed="8">
  <reporter-output>
  </reporter-output>
  <suite name="TN Test automation regression suite" duration-ms="11479" started-at="2021-02-20T20:11:46Z" finished-at="2021-02-20T20:11:57Z">
    <groups>
    </groups>
    <test name="LoginPageTest" duration-ms="8451" started-at="2021-02-20T20:11:46Z" finished-at="2021-02-20T20:11:54Z">
      <class name="com.qa.hubspot.test.LoginPageTest">
        <test-method status="PASS" signature="setUp()[pri:0, instance:com.qa.hubspot.test.LoginPageTest@1da51a35]" name="setUp" is-config="true" duration-ms="4730" started-at="2021-02-20T20:11:46Z" finished-at="2021-02-20T20:11:50Z">
          <reporter-output>
          </reporter-output>
        </test-method> <!-- setUp -->
        <test-method status="PASS" signature="verifyLoginPageTitleTest()[pri:1, instance:com.qa.hubspot.test.LoginPageTest@1da51a35]" name="verifyLoginPageTitleTest" duration-ms="42" started-at="2021-02-20T20:11:51Z" finished-at="2021-02-20T20:11:51Z">
          <reporter-output>
          </reporter-output>
        </test-method> <!-- verifyLoginPageTitleTest -->
        <test-method status="FAIL" signature="verifyifForgotPwdLinkExist()[pri:2, instance:com.qa.hubspot.test.LoginPageTest@1da51a35]" name="verifyifForgotPwdLinkExist" duration-ms="59" started-at="2021-02-20T20:11:51Z" finished-at="2021-02-20T20:11:51Z">
          <exception class="org.openqa.selenium.NoSuchElementException">
            <message>
              <![CDATA[no such element: Unable to locate element: {"method":"link text","selector":"Forgotten Password123"}
  (Session info: chrome=88.0.4324.182)
For documentation on this error, please visit: https://www.seleniumhq.org/exceptions/no_such_element.html
Build info: version: '3.141.59', revision: 'e82be7d358', time: '2018-11-14T08:17:03'
System info: host: 'USBLRUMATAI9', ip: '192.168.0.101', os.name: 'Windows 10', os.arch: 'amd64', os.version: '10.0', java.version: '1.8.0_261'
Driver info: org.openqa.selenium.chrome.ChromeDriver
Capabilities {acceptInsecureCerts: false, browserName: chrome, browserVersion: 88.0.4324.182, chrome: {chromedriverVersion: 88.0.4324.96 (68dba2d8a0b14..., userDataDir: C:\Users\umatai\AppData\Loc...}, goog:chromeOptions: {debuggerAddress: localhost:61601}, javascriptEnabled: true, networkConnectionEnabled: false, pageLoadStrategy: normal, platform: WINDOWS, platformName: WINDOWS, proxy: Proxy(), setWindowRect: true, strictFileInteractability: false, timeouts: {implicit: 0, pageLoad: 300000, script: 30000}, unhandledPromptBehavior: dismiss and notify, webauthn:extension:largeBlob: true, webauthn:virtualAuthenticators: true}
Session ID: ab6dbc550a0d9fbb08898a17dc5b38b1
*** Element info: {Using=link text, value=Forgotten Password123}]]>
            </message>
            <full-stacktrace>
              <![CDATA[org.openqa.selenium.NoSuchElementException: no such element: Unable to locate element: {"method":"link text","selector":"Forgotten Password123"}
  (Session info: chrome=88.0.4324.182)
For documentation on this error, please visit: https://www.seleniumhq.org/exceptions/no_such_element.html
Build info: version: '3.141.59', revision: 'e82be7d358', time: '2018-11-14T08:17:03'
System info: host: 'USBLRUMATAI9', ip: '192.168.0.101', os.name: 'Windows 10', os.arch: 'amd64', os.version: '10.0', java.version: '1.8.0_261'
Driver info: org.openqa.selenium.chrome.ChromeDriver
Capabilities {acceptInsecureCerts: false, browserName: chrome, browserVersion: 88.0.4324.182, chrome: {chromedriverVersion: 88.0.4324.96 (68dba2d8a0b14..., userDataDir: C:\Users\umatai\AppData\Loc...}, goog:chromeOptions: {debuggerAddress: localhost:61601}, javascriptEnabled: true, networkConnectionEnabled: false, pageLoadStrategy: normal, platform: WINDOWS, platformName: WINDOWS, proxy: Proxy(), setWindowRect: true, strictFileInteractability: false, timeouts: {implicit: 0, pageLoad: 300000, script: 30000}, unhandledPromptBehavior: dismiss and notify, webauthn:extension:largeBlob: true, webauthn:virtualAuthenticators: true}
Session ID: ab6dbc550a0d9fbb08898a17dc5b38b1
*** Element info: {Using=link text, value=Forgotten Password123}
at sun.reflect.NativeConstructorAccessorImpl.newInstance0(Native Method)
at sun.reflect.NativeConstructorAccessorImpl.newInstance(Unknown Source)
at sun.reflect.DelegatingConstructorAccessorImpl.newInstance(Unknown Source)
at java.lang.reflect.Constructor.newInstance(Unknown Source)
at org.openqa.selenium.remote.http.W3CHttpResponseCodec.createException(W3CHttpResponseCodec.java:187)
at org.openqa.selenium.remote.http.W3CHttpResponseCodec.decode(W3CHttpResponseCodec.java:122)
at org.openqa.selenium.remote.http.W3CHttpResponseCodec.decode(W3CHttpResponseCodec.java:49)
at org.openqa.selenium.remote.HttpCommandExecutor.execute(HttpCommandExecutor.java:158)
at org.openqa.selenium.remote.service.DriverCommandExecutor.execute(DriverCommandExecutor.java:83)
at org.openqa.selenium.remote.RemoteWebDriver.execute(RemoteWebDriver.java:552)
at org.openqa.selenium.remote.RemoteWebDriver.findElement(RemoteWebDriver.java:323)
at org.openqa.selenium.remote.RemoteWebDriver.findElementByLinkText(RemoteWebDriver.java:380)
at org.openqa.selenium.By$ByLinkText.findElement(By.java:220)
at org.openqa.selenium.remote.RemoteWebDriver.findElement(RemoteWebDriver.java:315)
at com.qa.hubspot.application.utils.ElementUtil.getElement(ElementUtil.java:30)
at com.qa.hubspot.application.utils.ElementUtil.doisdisplayed(ElementUtil.java:77)
at com.qa.hubspot.pages.LoginPage.isForgotPwdLinkExist(LoginPage.java:36)
at com.qa.hubspot.test.LoginPageTest.verifyifForgotPwdLinkExist(LoginPageTest.java:24)
at sun.reflect.NativeMethodAccessorImpl.invoke0(Native Method)
at sun.reflect.NativeMethodAccessorImpl.invoke(Unknown Source)
at sun.reflect.DelegatingMethodAccessorImpl.invoke(Unknown Source)
at java.lang.reflect.Method.invoke(Unknown Source)
at org.testng.internal.MethodInvocationHelper.invokeMethod(MethodInvocationHelper.java:124)
at org.testng.internal.Invoker.invokeMethod(Invoker.java:583)
at org.testng.internal.Invoker.invokeTestMethod(Invoker.java:719)
at org.testng.internal.Invoker.invokeTestMethods(Invoker.java:989)
at org.testng.internal.TestMethodWorker.invokeTestMethods(TestMethodWorker.java:125)
at org.testng.internal.TestMethodWorker.run(TestMethodWorker.java:109)
at org.testng.TestRunner.privateRun(TestRunner.java:648)
at org.testng.TestRunner.run(TestRunner.java:505)
at org.testng.SuiteRunner.runTest(SuiteRunner.java:455)
at org.testng.SuiteRunner.access$000(SuiteRunner.java:40)
at org.testng.SuiteRunner$SuiteWorker.run(SuiteRunner.java:489)
at org.testng.internal.thread.ThreadUtil$1.call(ThreadUtil.java:52)
at java.util.concurrent.FutureTask.run(Unknown Source)
at java.util.concurrent.ThreadPoolExecutor.runWorker(Unknown Source)
at java.util.concurrent.ThreadPoolExecutor$Worker.run(Unknown Source)
at java.lang.Thread.run(Unknown Source)
]]>
            </full-stacktrace>
          </exception> <!-- org.openqa.selenium.NoSuchElementException -->
          <reporter-output>
          </reporter-output>
        </test-method> <!-- verifyifForgotPwdLinkExist -->
        <test-method status="PASS" signature="doLogin()[pri:3, instance:com.qa.hubspot.test.LoginPageTest@1da51a35]" name="doLogin" duration-ms="2743" started-at="2021-02-20T20:11:51Z" finished-at="2021-02-20T20:11:54Z">
          <reporter-output>
          </reporter-output>
        </test-method> <!-- doLogin -->
        <test-method status="PASS" signature="tearDown()[pri:0, instance:com.qa.hubspot.test.LoginPageTest@1da51a35]" name="tearDown" is-config="true" duration-ms="0" started-at="2021-02-20T20:11:54Z" finished-at="2021-02-20T20:11:54Z">
          <reporter-output>
          </reporter-output>
        </test-method> <!-- tearDown -->
      </class> <!-- com.qa.hubspot.test.LoginPageTest -->
    </test> <!-- LoginPageTest -->
    <test name="AccountPageTest" duration-ms="11479" started-at="2021-02-20T20:11:46Z" finished-at="2021-02-20T20:11:57Z">
      <class name="com.qa.hubspot.test.AccountPageTest">
        <test-method status="PASS" signature="setUp()[pri:0, instance:com.qa.hubspot.test.AccountPageTest@1ad282e0]" name="setUp" is-config="true" duration-ms="6594" started-at="2021-02-20T20:11:46Z" finished-at="2021-02-20T20:11:52Z">
          <reporter-output>
          </reporter-output>
        </test-method> <!-- setUp -->
        <test-method status="PASS" signature="homePageSetup()[pri:0, instance:com.qa.hubspot.test.AccountPageTest@1ad282e0]" name="homePageSetup" is-config="true" duration-ms="2925" started-at="2021-02-20T20:11:52Z" finished-at="2021-02-20T20:11:55Z">
          <reporter-output>
          </reporter-output>
        </test-method> <!-- homePageSetup -->
        <test-method status="PASS" signature="verifyHomePageTitleTest()[pri:1, instance:com.qa.hubspot.test.AccountPageTest@1ad282e0]" name="verifyHomePageTitleTest" duration-ms="13" started-at="2021-02-20T20:11:55Z" finished-at="2021-02-20T20:11:55Z">
          <reporter-output>
          </reporter-output>
        </test-method> <!-- verifyHomePageTitleTest -->
        <test-method status="PASS" signature="verifyAccountPageHeaderText()[pri:2, instance:com.qa.hubspot.test.AccountPageTest@1ad282e0]" name="verifyAccountPageHeaderText" duration-ms="107" started-at="2021-02-20T20:11:55Z" finished-at="2021-02-20T20:11:55Z">
          <reporter-output>
          </reporter-output>
        </test-method> <!-- verifyAccountPageHeaderText -->
        <test-method status="PASS" signature="verifyAccountSectionsCountTest()[pri:3, instance:com.qa.hubspot.test.AccountPageTest@1ad282e0]" name="verifyAccountSectionsCountTest" duration-ms="19" started-at="2021-02-20T20:11:55Z" finished-at="2021-02-20T20:11:55Z">
          <reporter-output>
          </reporter-output>
        </test-method> <!-- verifyAccountSectionsCountTest -->
        <test-method status="PASS" signature="verifyAccountSectionsHeaderNameTest()[pri:4, instance:com.qa.hubspot.test.AccountPageTest@1ad282e0]" name="verifyAccountSectionsHeaderNameTest" duration-ms="59" started-at="2021-02-20T20:11:55Z" finished-at="2021-02-20T20:11:55Z">
          <reporter-output>
          </reporter-output>
        </test-method> <!-- verifyAccountSectionsHeaderNameTest -->
        <test-method status="PASS" signature="verifyRightSideList()[pri:5, instance:com.qa.hubspot.test.AccountPageTest@1ad282e0]" name="verifyRightSideList" duration-ms="260" started-at="2021-02-20T20:11:55Z" finished-at="2021-02-20T20:11:56Z">
          <reporter-output>
          </reporter-output>
        </test-method> <!-- verifyRightSideList -->
        <test-method status="PASS" signature="verifySearchFunctionalityTest()[pri:6, instance:com.qa.hubspot.test.AccountPageTest@1ad282e0]" name="verifySearchFunctionalityTest" duration-ms="1490" started-at="2021-02-20T20:11:56Z" finished-at="2021-02-20T20:11:57Z">
          <reporter-output>
          </reporter-output>
        </test-method> <!-- verifySearchFunctionalityTest -->
        <test-method status="PASS" signature="tearDown()[pri:0, instance:com.qa.hubspot.test.AccountPageTest@1ad282e0]" name="tearDown" is-config="true" duration-ms="0" started-at="2021-02-20T20:11:57Z" finished-at="2021-02-20T20:11:57Z">
          <reporter-output>
          </reporter-output>
        </test-method> <!-- tearDown -->
      </class> <!-- com.qa.hubspot.test.AccountPageTest -->
    </test> <!-- AccountPageTest -->
  </suite> <!-- TN Test automation regression suite -->
</testng-results>
