<?xml version="1.0" encoding="UTF-8"?>
<!-- Generated by org.testng.reporters.JUnitXMLReporter -->
<testsuite hostname="USBLRUMATAI9" ignored="0" name="Default test" tests="4" failures="0" timestamp="18 Feb 2021 17:12:56 GMT" time="39.372" errors="0">
  <testcase name="doRegistrationTest" time="6.91" classname="com.qa.hubspot.test.RegisterPageTest"/>
  <testcase name="doRegistrationTest" time="6.975" classname="com.qa.hubspot.test.RegisterPageTest"/>
  <testcase name="doRegistrationTest" time="7.852" classname="com.qa.hubspot.test.RegisterPageTest"/>
  <testcase name="doRegistrationTest" time="7.203" classname="com.qa.hubspot.test.RegisterPageTest"/>
</testsuite> <!-- Default test -->
