<?xml version="1.0" encoding="UTF-8"?>
<!-- Generated by org.testng.reporters.JUnitXMLReporter -->
<testsuite hostname="USBLRUMATAI9" ignored="0" name="AccountPageTest" tests="6" failures="0" timestamp="20 Feb 2021 20:11:57 GMT" time="11.479" errors="0">
  <testcase name="verifyHomePageTitleTest" time="0.013" classname="com.qa.hubspot.test.AccountPageTest"/>
  <testcase name="verifyAccountPageHeaderText" time="0.107" classname="com.qa.hubspot.test.AccountPageTest"/>
  <testcase name="verifyAccountSectionsCountTest" time="0.019" classname="com.qa.hubspot.test.AccountPageTest"/>
  <testcase name="verifyAccountSectionsHeaderNameTest" time="0.059" classname="com.qa.hubspot.test.AccountPageTest"/>
  <testcase name="verifyRightSideList" time="0.26" classname="com.qa.hubspot.test.AccountPageTest"/>
  <testcase name="verifySearchFunctionalityTest" time="1.49" classname="com.qa.hubspot.test.AccountPageTest"/>
</testsuite> <!-- AccountPageTest -->
